#
# There is insufficient memory for the Java Runtime Environment to continue.
# Native memory allocation (mmap) failed to map 266338304 bytes for Failed to commit area from 0x0000000702200000 to 0x0000000712000000 of length 266338304.
# Possible reasons:
#   The system is out of physical RAM or swap space
#   The process is running with CompressedOops enabled, and the Java Heap may be blocking the growth of the native heap
# Possible solutions:
#   Reduce memory load on the system
#   Increase physical memory or swap space
#   Check if swap backing store is full
#   Decrease Java heap size (-Xmx/-Xms)
#   Decrease number of Java threads
#   Decrease Java thread stack sizes (-Xss)
#   Set larger code cache with -XX:ReservedCodeCacheSize=
# This output file may be truncated or incomplete.
#
#  Out of Memory Error (./src/hotspot/os/windows/os_windows.cpp:3301), pid=8196, tid=16300
#
# JRE version:  (11.0.11+9) (build )
# Java VM: OpenJDK 64-Bit Server VM (11.0.11+9-b1341.60, mixed mode, sharing, tiered, compressed oops, g1 gc, windows-amd64)
# No core dump will be written. Minidumps are not enabled by default on client versions of Windows
#

---------------  S U M M A R Y ------------

Command Line: org.jetbrains.git4idea.http.GitAskPassApp Username for 'https://github.com': 

Host: Intel(R) Core(TM) i7-8650U CPU @ 1.90GHz, 8 cores, 15G,  Windows 10 , 64 bit Build 19041 (10.0.19041.1023)
Time: Thu Jul 22 13:42:46 2021 W. Europe Daylight Time elapsed time: 0.013043 seconds (0d 0h 0m 0s)

---------------  T H R E A D  ---------------

Current thread (0x000001ee48f0e000):  JavaThread "Unknown thread" [_thread_in_vm, id=16300, stack(0x00000034b8100000,0x00000034b8200000)]

Stack: [0x00000034b8100000,0x00000034b8200000]
Native frames: (J=compiled Java code, j=interpreted, Vv=VM code, C=native code)
V  [jvm.dll+0x5f5c8a]
V  [jvm.dll+0x779405]
V  [jvm.dll+0x77aa1d]
V  [jvm.dll+0x77b0d3]
V  [jvm.dll+0x244bc8]
V  [jvm.dll+0x5f3084]
V  [jvm.dll+0x5e7fe5]
V  [jvm.dll+0x30098b]
V  [jvm.dll+0x3008fa]
V  [jvm.dll+0x3007d2]
V  [jvm.dll+0x3056b6]
V  [jvm.dll+0x34e353]
V  [jvm.dll+0x34ea56]
V  [jvm.dll+0x34e453]
V  [jvm.dll+0x2db398]
V  [jvm.dll+0x2dc547]
V  [jvm.dll+0x757bf7]
V  [jvm.dll+0x7593ec]
V  [jvm.dll+0x35b8d9]
V  [jvm.dll+0x73b38e]
V  [jvm.dll+0x3c3cc3]
V  [jvm.dll+0x3c60e1]
C  [jli.dll+0x5373]
C  [ucrtbase.dll+0x21bb2]
C  [KERNEL32.DLL+0x17034]
C  [ntdll.dll+0x52651]


---------------  P R O C E S S  ---------------

Threads class SMR info:
_java_thread_list=0x000001ee46d84120, length=0, elements={
}

Java Threads: ( => current thread )

Other Threads:
  0x000001ee48f23800 GCTaskThread "GC Thread#0" [stack: 0x00000034b8200000,0x00000034b8300000] [id=11660]
  0x000001ee48f84000 ConcurrentGCThread "G1 Main Marker" [stack: 0x00000034b8300000,0x00000034b8400000] [id=15680]
  0x000001ee48f86800 ConcurrentGCThread "G1 Conc#0" [stack: 0x00000034b8400000,0x00000034b8500000] [id=988]

[error occurred during error reporting (printing all threads), id 0xc0000005, EXCEPTION_ACCESS_VIOLATION (0xc0000005) at pc=0x00007fff1132b9f7]

VM state:not at safepoint (not fully initialized)

VM Mutex/Monitor currently owned by a thread:  ([mutex/lock_event])
[0x000001ee48f0c1a0] Heap_lock - owner thread: 0x000001ee48f0e000

Heap address: 0x0000000702200000, size: 4062 MB, Compressed Oops mode: Non-zero based: 0x0000000702200000
Narrow klass base: 0x0000000000000000, Narrow klass shift: 0

GC Heap History (0 events):
No events

Deoptimization events (0 events):
No events

Classes redefined (0 events):
No events

Internal exceptions (0 events):
No events

Events (1 events):
Event: 0.007 Loaded shared library C:\Program Files\JetBrains\IntelliJ IDEA Community Edition 2021.1.3\jbr\bin\zip.dll


Dynamic libraries:
0x00007ff7174c0000 - 0x00007ff7174ca000 	C:\Program Files\JetBrains\IntelliJ IDEA Community Edition 2021.1.3\jbr\bin\java.exe
0x00007fff68270000 - 0x00007fff68465000 	C:\WINDOWS\SYSTEM32\ntdll.dll
0x00007fff67f30000 - 0x00007fff67fed000 	C:\WINDOWS\System32\KERNEL32.DLL
0x00007fff65f00000 - 0x00007fff661c9000 	C:\WINDOWS\System32\KERNELBASE.dll
0x00007fff65e00000 - 0x00007fff65f00000 	C:\WINDOWS\System32\ucrtbase.dll
0x00007fff5cf70000 - 0x00007fff5cf89000 	C:\Program Files\JetBrains\IntelliJ IDEA Community Edition 2021.1.3\jbr\bin\jli.dll
0x00007fff62ca0000 - 0x00007fff62cb7000 	C:\Program Files\JetBrains\IntelliJ IDEA Community Edition 2021.1.3\jbr\bin\VCRUNTIME140.dll
0x00007fff66d30000 - 0x00007fff66ed0000 	C:\WINDOWS\System32\USER32.dll
0x00007fff66280000 - 0x00007fff662a2000 	C:\WINDOWS\System32\win32u.dll
0x00007fff675e0000 - 0x00007fff6760a000 	C:\WINDOWS\System32\GDI32.dll
0x00007fff65c50000 - 0x00007fff65d5b000 	C:\WINDOWS\System32\gdi32full.dll
0x00007fff4eab0000 - 0x00007fff4ed4a000 	C:\WINDOWS\WinSxS\amd64_microsoft.windows.common-controls_6595b64144ccf1df_6.0.19041.1110_none_60b5254171f9507e\COMCTL32.dll
0x00007fff65d60000 - 0x00007fff65dfd000 	C:\WINDOWS\System32\msvcp_win.dll
0x00007fff67420000 - 0x00007fff674be000 	C:\WINDOWS\System32\msvcrt.dll
0x00007fff66750000 - 0x00007fff66780000 	C:\WINDOWS\System32\IMM32.DLL
0x00007fff5c3d0000 - 0x00007fff5c46d000 	C:\Program Files\JetBrains\IntelliJ IDEA Community Edition 2021.1.3\jbr\bin\msvcp140.dll
0x00007fff11040000 - 0x00007fff11b89000 	C:\Program Files\JetBrains\IntelliJ IDEA Community Edition 2021.1.3\jbr\bin\server\jvm.dll
0x00007fff66ae0000 - 0x00007fff66b8c000 	C:\WINDOWS\System32\ADVAPI32.dll
0x00007fff664e0000 - 0x00007fff6657b000 	C:\WINDOWS\System32\sechost.dll
0x00007fff66580000 - 0x00007fff666aa000 	C:\WINDOWS\System32\RPCRT4.dll
0x00007fff66390000 - 0x00007fff66398000 	C:\WINDOWS\System32\PSAPI.DLL
0x00007fff4e0b0000 - 0x00007fff4e0b9000 	C:\WINDOWS\SYSTEM32\WSOCK32.dll
0x00007fff4e0c0000 - 0x00007fff4e0e7000 	C:\WINDOWS\SYSTEM32\WINMM.dll
0x00007fff66b90000 - 0x00007fff66bfb000 	C:\WINDOWS\System32\WS2_32.dll
0x00007fff5b880000 - 0x00007fff5b88a000 	C:\WINDOWS\SYSTEM32\VERSION.dll
0x00007fff64210000 - 0x00007fff64222000 	C:\WINDOWS\SYSTEM32\kernel.appcore.dll
0x00007fff5ce70000 - 0x00007fff5ce81000 	C:\Program Files\JetBrains\IntelliJ IDEA Community Edition 2021.1.3\jbr\bin\verify.dll
0x00007fff62ea0000 - 0x00007fff63084000 	C:\WINDOWS\SYSTEM32\DBGHELP.DLL
0x00007fff48c70000 - 0x00007fff48c9c000 	C:\WINDOWS\SYSTEM32\dbgcore.DLL
0x00007fff65bc0000 - 0x00007fff65c43000 	C:\WINDOWS\System32\bcryptPrimitives.dll
0x00007fff3b8b0000 - 0x00007fff3b8d9000 	C:\Program Files\JetBrains\IntelliJ IDEA Community Edition 2021.1.3\jbr\bin\java.dll
0x00007fff60f70000 - 0x00007fff60f7b000 	C:\Program Files\JetBrains\IntelliJ IDEA Community Edition 2021.1.3\jbr\bin\jimage.dll
0x00007fff5cdd0000 - 0x00007fff5cde8000 	C:\Program Files\JetBrains\IntelliJ IDEA Community Edition 2021.1.3\jbr\bin\zip.dll

dbghelp: loaded successfully - version: 4.0.5 - missing functions: none
symbol engine: initialized successfully - sym options: 0x614 - pdb path: .;C:\Program Files\JetBrains\IntelliJ IDEA Community Edition 2021.1.3\jbr\bin;C:\WINDOWS\SYSTEM32;C:\WINDOWS\WinSxS\amd64_microsoft.windows.common-controls_6595b64144ccf1df_6.0.19041.1110_none_60b5254171f9507e;C:\Program Files\JetBrains\IntelliJ IDEA Community Edition 2021.1.3\jbr\bin\server

VM Arguments:
java_command: org.jetbrains.git4idea.http.GitAskPassApp Username for 'https://github.com': 
java_class_path (initial): C:/Program Files/JetBrains/IntelliJ IDEA Community Edition 2021.1.3/plugins/git4idea/lib/git4idea-rt.jar;C:/Program Files/JetBrains/IntelliJ IDEA Community Edition 2021.1.3/lib/xmlrpc-2.0.1.jar;C:/Program Files/JetBrains/IntelliJ IDEA Community Edition 2021.1.3/lib/commons-codec-1.15.jar
Launcher Type: SUN_STANDARD

[Global flags]
     intx CICompilerCount                          = 4                                         {product} {ergonomic}
     uint ConcGCThreads                            = 2                                         {product} {ergonomic}
     uint G1ConcRefinementThreads                  = 8                                         {product} {ergonomic}
   size_t G1HeapRegionSize                         = 1048576                                   {product} {ergonomic}
    uintx GCDrainStackTargetSize                   = 64                                        {product} {ergonomic}
   size_t InitialHeapSize                          = 266338304                                 {product} {ergonomic}
   size_t MarkStackSize                            = 4194304                                   {product} {ergonomic}
   size_t MaxHeapSize                              = 4259315712                                {product} {ergonomic}
   size_t MinHeapDeltaBytes                        = 1048576                                   {product} {ergonomic}
    uintx NonNMethodCodeHeapSize                   = 5836300                                {pd product} {ergonomic}
    uintx NonProfiledCodeHeapSize                  = 122910970                              {pd product} {ergonomic}
    uintx ProfiledCodeHeapSize                     = 122910970                              {pd product} {ergonomic}
    uintx ReservedCodeCacheSize                    = 251658240                              {pd product} {ergonomic}
     bool SegmentedCodeCache                       = true                                      {product} {ergonomic}
     bool UseCompressedClassPointers               = true                                 {lp64_product} {ergonomic}
     bool UseCompressedOops                        = true                                 {lp64_product} {ergonomic}
     bool UseG1GC                                  = true                                      {product} {ergonomic}
     bool UseLargePagesIndividualAllocation        = false                                  {pd product} {ergonomic}

Logging:
Log output configuration:
 #0: stdout all=warning uptime,level,tags
 #1: stderr all=off uptime,level,tags

Environment Variables:
JAVA_HOME=C:\Program Files\Java\jdk1.8.0_291
PATH=C:\Program Files\Git\mingw64\libexec\git-core;C:\Program Files\Git\mingw64\libexec\git-core;C:\Program Files\Git\mingw64\bin;C:\Program Files\Git\usr\bin;C:\Users\turco\bin;C:\Scripts;C:\;C:\Program Files (x86)\Common Files\Oracle\Java\javapath;C:\WINDOWS\system32;C:\WINDOWS;C:\WINDOWS\System32\Wbem;C:\WINDOWS\System32\WindowsPowerShell\v1.0;C:\WINDOWS\System32\OpenSSH;C:\Program Files\Java\jdk-13.0.1\bin;C:\Program Files\apache-maven-3.6.3\bin;C:\Program Files\Git\cmd;C:\Users\turco\AppData\Local\Android\Sdk\tools;C:\Users\turco\AppData\Local\Android\Sdk\platform-tools;C:\Program Files\Java\jdk1.8.0_291\bin;C:\Users\turco\AppData\Local\bin;C:\Program Files (x86)\Groovy\bin;C:\Program Files\nodejs;C:\Program Files\Microsoft VS Code\bin;C:\Users\turco\AppData\Local\Microsoft\WindowsApps;C:\Program Files\Java\jdk-13.0.1\bin;C:\Users\turco\AppData\Local\Android\Sdk\tools;C:\Users\turco\AppData\Local\Android\Sdk\platform-tools;C:\Program Files\Java\jdk1.8.0_291\bin;C:\ProgramData\chocoportable\bin;C:\Program Files\JetBrains\PyCharm Community Edition 2020.3.4\bin;C:\Users\turco\AppData\Local\Programs\Microsoft VS Code\bin;C:\Users\turco\AppData\Local\atom\bin;C:\Users\turco\AppData\Local\bin;C:\Program Files\JetBrains\IntelliJ IDEA Community Edition 2021.1.3\bin;C:\Users\turco\AppData\Roaming\npm
USERNAME=turco
DISPLAY=:0.0
LC_ALL=en_US.UTF-8
OS=Windows_NT
PROCESSOR_IDENTIFIER=Intel64 Family 6 Model 142 Stepping 10, GenuineIntel



---------------  S Y S T E M  ---------------

OS: Windows 10 , 64 bit Build 19041 (10.0.19041.1023)
OS uptime: 2 days 10:12 hours
Hyper-V role detected

CPU:total 8 (initial active 8) (4 cores per cpu, 2 threads per core) family 6 model 142 stepping 10 microcode 0xe0, cmov, cx8, fxsr, mmx, sse, sse2, sse3, ssse3, sse4.1, sse4.2, popcnt, avx, avx2, aes, clmul, erms, rtm, 3dnowpref, lzcnt, ht, tsc, tscinvbit, bmi1, bmi2, adx, fma

Memory: 4k page, system-wide physical 16243M (992M free)
TotalPageFile size 16243M (AvailPageFile size 233M)
current process WorkingSet (physical memory assigned to process): 10M, peak: 10M
current process commit charge ("private bytes"): 60M, peak: 314M

vm_info: OpenJDK 64-Bit Server VM (11.0.11+9-b1341.60) for windows-amd64 JRE (11.0.11+9-b1341.60), built on Jun  4 2021 08:17:54 by "" with MS VC++ 14.0 (VS2015)

END.
